<?xml version="1.0" encoding="UTF-8"?>
<!-- Generated by org.testng.reporters.JUnitXMLReporter -->
<testsuite ignored="0" hostname="Hejaputilla" failures="0" tests="3" name="Locator Practice Tests" time="10.338" errors="0" timestamp="2026-03-10T21:19:36 EDT">
  <testcase classname="tests.ChallengingDomTest" name="testButtons" time="0.882"/>
  <testcase classname="tests.ChallengingDomTest" name="testTable" time="0.479"/>
  <testcase classname="tests.ChallengingDomTest" name="testCanvas" time="0.024"/>
</testsuite> <!-- Locator Practice Tests -->
