<?xml version="1.0" encoding="UTF-8"?>
<!-- Generated by org.testng.reporters.JUnitReportReporter -->
<testsuite hostname="Hejaputilla" failures="0" tests="3" name="tests.ChallengingDomTest" time="10.291" errors="0" timestamp="2026-03-10T21:19:36 EDT" skipped="0">
  <testcase classname="tests.ChallengingDomTest" name="testButtons" time="4.107"/>
  <testcase classname="tests.ChallengingDomTest" name="testTable" time="3.437"/>
  <testcase classname="tests.ChallengingDomTest" name="testCanvas" time="2.747"/>
</testsuite> <!-- tests.ChallengingDomTest -->
